/Users/zhangxin/gitlab/dmocr/test/pic/text_line_image/pc_2_19.1.jpg /Users/zhangxin/gitlab/dmocr/test/pic/text_line_image/pc_2_19.1.box
	制动时悬架的压缩和拉伸都比较厉害,加上玛吉斯轮胎
	制动时悬架的压缩和拉伸都比较厉害则加上玛吉斯轮胎
	1 24 23
/Users/zhangxin/gitlab/dmocr/test/pic/text_line_image/pc_5.3.jpg /Users/zhangxin/gitlab/dmocr/test/pic/text_line_image/pc_5.3.box
	尺寸：215/55R11
	尺y-215/55.R77
	5 12 7
/Users/zhangxin/gitlab/dmocr/test/pic/text_line_image/pc_2_26.3.jpg /Users/zhangxin/gitlab/dmocr/test/pic/text_line_image/pc_2_26.3.box
	舒适性配置它一样不少。
	舒适性配置它一样不少s
	1 11 10
/Users/zhangxin/gitlab/dmocr/test/pic/text_line_image/pc_7.1.jpg /Users/zhangxin/gitlab/dmocr/test/pic/text_line_image/pc_7.1.box
	通用集团常见的BOSE音响也没缺席。
	通用集团常见的BOSE音响也没缺席
	1 18 17
/Users/zhangxin/gitlab/dmocr/test/pic/text_line_image/pc_19.2.jpg /Users/zhangxin/gitlab/dmocr/test/pic/text_line_image/pc_19.2.box
	回馈力度也不大,开起来不算轻巧。
	回馈力度也不大开起来不算轻巧c
	2 16 14
/Users/zhangxin/gitlab/dmocr/test/pic/text_line_image/pc_2_24.1.jpg /Users/zhangxin/gitlab/dmocr/test/pic/text_line_image/pc_2_24.1.box
	新款逸动的内饰经过了细节调整,整体显得更为时尚年轻
	新款逸动的内饰经过了细节调整整体显得更为时尚年轻
	1 25 24
/Users/zhangxin/gitlab/dmocr/test/pic/text_line_image/pc_5.2.jpg /Users/zhangxin/gitlab/dmocr/test/pic/text_line_image/pc_5.2.box
	高配的那种就好了,毕竟都27万的车了。
	高配的那种就好了毕竟都Z万的车了c
	4 19 15
/Users/zhangxin/gitlab/dmocr/test/pic/text_line_image/pc_2_19.2.jpg /Users/zhangxin/gitlab/dmocr/test/pic/text_line_image/pc_2_19.2.box
	地力不算出色,最终42.75米的制动距离处于合格的
	地力不算出色最终4275米的制动距离处于合格的
	2 25 23
/Users/zhangxin/gitlab/dmocr/test/pic/text_line_image/pc_2_22.4.jpg /Users/zhangxin/gitlab/dmocr/test/pic/text_line_image/pc_2_22.4.box
	手动挡顶配车型重了10kg。
	手动挡顶配车型重了7OkQa
	4 14 10
/Users/zhangxin/gitlab/dmocr/test/pic/text_line_image/pc_7.2.jpg /Users/zhangxin/gitlab/dmocr/test/pic/text_line_image/pc_7.2.box
	座椅记忆、加热、通风一应俱全,
	座椅记忆加热通风一应俱全
	3 15 12
/Users/zhangxin/gitlab/dmocr/test/pic/text_line_image/pc_19.1.jpg /Users/zhangxin/gitlab/dmocr/test/pic/text_line_image/pc_19.1.box
	它的转向质感还不错,只是方向盘偏重,
	它的转向质感还不错只是方向盘偏重
	2 18 16
/Users/zhangxin/gitlab/dmocr/test/pic/text_line_image/pc_2_24.2.jpg /Users/zhangxin/gitlab/dmocr/test/pic/text_line_image/pc_2_24.2.box
	这款车的内饰整体设计也与常规动力版车型保持了一致,
	这款车的内饰整体设计也与常规动力版车型保持了一致
	1 25 24
/Users/zhangxin/gitlab/dmocr/test/pic/text_line_image/pc_2_24.3.jpg /Users/zhangxin/gitlab/dmocr/test/pic/text_line_image/pc_2_24.3.box
	同时中控台大部分表面采用软质材料覆盖,质感有所提升。
	同时中控台大部分表面采用软质材料覆盖质感有所提升y
	2 26 24
/Users/zhangxin/gitlab/dmocr/test/pic/text_line_image/pc_2_26.1.jpg /Users/zhangxin/gitlab/dmocr/test/pic/text_line_image/pc_2_26.1.box
	键启动和无钥匙进入自然必不可少,常规动力车型带有的
	键虐动和无钥匙进入自然必不可少常规动力车型带有的
	2 25 23
/Users/zhangxin/gitlab/dmocr/test/pic/text_line_image/pc_5.1.jpg /Users/zhangxin/gitlab/dmocr/test/pic/text_line_image/pc_5.1.box
	245/45R18
	245/45).R18
	2 9 7
/Users/zhangxin/gitlab/dmocr/test/pic/text_line_image/pc_2_22.1.jpg /Users/zhangxin/gitlab/dmocr/test/pic/text_line_image/pc_2_22.1.box
	电动机和电池之后整备质量为1335kg,比逸动常规动力的
	电动机和电池之后整备质量为835kC-奏-化逸动常规动力的
	7 28 21
/Users/zhangxin/gitlab/dmocr/test/pic/text_line_image/pc_20.1.jpg /Users/zhangxin/gitlab/dmocr/test/pic/text_line_image/pc_20.1.box
	绕桩时,方向要猛打一些才有效果,
	绕桩时方向要猛打一些才有效黑
	3 16 13
/Users/zhangxin/gitlab/dmocr/test/pic/text_line_image/pc_5.4.jpg /Users/zhangxin/gitlab/dmocr/test/pic/text_line_image/pc_5.4.box
	两款混动版的轮圈没有区别,样式和尺寸
	两款混动版的轮圈没有区别秦样式和尺寸
	1 18 17
/Users/zhangxin/gitlab/dmocr/test/pic/text_line_image/pc_2_20.2.jpg /Users/zhangxin/gitlab/dmocr/test/pic/text_line_image/pc_2_20.2.box
	车型完全一致的外观设计。
	车型完全一致的外观设计z
	1 12 11
/Users/zhangxin/gitlab/dmocr/test/pic/text_line_image/pc_3.2.jpg /Users/zhangxin/gitlab/dmocr/test/pic/text_line_image/pc_3.2.box
	车道偏离预警、并线辅助等都有配备。
	车道偏离预警并线辅助等都有配备g
	2 17 15
/Users/zhangxin/gitlab/dmocr/test/pic/text_line_image/pc_2_19.4.jpg /Users/zhangxin/gitlab/dmocr/test/pic/text_line_image/pc_2_19.4.box
	距离范围标准之内。
	距离范围标准之内s
	1 9 8
/Users/zhangxin/gitlab/dmocr/test/pic/text_line_image/pc_2_22.2.jpg /Users/zhangxin/gitlab/dmocr/test/pic/text_line_image/pc_2_22.2.box
	车身尺寸方面,这款车长/宽/高为：4620/1820/1490mm,
	车身尺寸方面一这款车长宽高为一45207182011490mm
	8 34 26
/Users/zhangxin/gitlab/dmocr/test/pic/text_line_image/pc_5.6.jpg /Users/zhangxin/gitlab/dmocr/test/pic/text_line_image/pc_5.6.box
	都与1.5T/2.5L的中配车型相同,如果改成
	都与5T25L的中配车型相同,如果改成
	4 23 19
/Users/zhangxin/gitlab/dmocr/test/pic/text_line_image/pc_20.3.jpg /Users/zhangxin/gitlab/dmocr/test/pic/text_line_image/pc_20.3.box
	车头的反应不算灵敏,但节奏很好掌握。
	车头的反应不算灵敏但节姜很好掌握c
	3 18 15
/Users/zhangxin/gitlab/dmocr/test/pic/text_line_image/pc_5.7.jpg /Users/zhangxin/gitlab/dmocr/test/pic/text_line_image/pc_5.7.box
	马牌ContiMaxContactMC5
	马牌ContiMax.ContactNCS
	3 20 17
/Users/zhangxin/gitlab/dmocr/test/pic/text_line_image/pc_2_20.1.jpg /Users/zhangxin/gitlab/dmocr/test/pic/text_line_image/pc_2_20.1.box
	在车身整体的造型上这款逸动蓝动版车型采用了与常规动力
	在车身整体的造型上这款逸动蓝动版车型采用了与常规动才
	1 26 25
/Users/zhangxin/gitlab/dmocr/test/pic/text_line_image/pc_3.1.jpg /Users/zhangxin/gitlab/dmocr/test/pic/text_line_image/pc_3.1.box
	这辆锐尊版的配置够高,自适应巡航
	这辆锐萝版的配置够高w自适应巡航
	2 16 14
/Users/zhangxin/gitlab/dmocr/test/pic/text_line_image/pc_2_22.3.jpg /Users/zhangxin/gitlab/dmocr/test/pic/text_line_image/pc_2_22.3.box
	轴距为2660mm,与常规动力版本车型保持了一致。搭载了
	轴距为2660mm,,.-与常规动力版本车型保持了一致搭载了
	4 28 24
/Users/zhangxin/gitlab/dmocr/test/pic/text_line_image/pc_6.2.jpg /Users/zhangxin/gitlab/dmocr/test/pic/text_line_image/pc_6.2.box
	它的内饰与普通版没有区别,整体氛围轻松舒适,
	它的内饰与普通版没有区别整体氛围轻松舒适严
	2 22 20
/Users/zhangxin/gitlab/dmocr/test/pic/text_line_image/pc_18.1.jpg /Users/zhangxin/gitlab/dmocr/test/pic/text_line_image/pc_18.1.box
	变速箱的手动模式只有两个档位,用以进行能量回收,
	变速箱的手动模式只有两个挡位用以进行能量回收
	3 24 21
/Users/zhangxin/gitlab/dmocr/test/pic/text_line_image/pc_2_25.2.jpg /Users/zhangxin/gitlab/dmocr/test/pic/text_line_image/pc_2_25.2.box
	值得一提的是,这块屏幕可以和车载
	值得一提的是这块屏幕可以和车载
	1 16 15
/Users/zhangxin/gitlab/dmocr/test/pic/text_line_image/pc_2_18.2.jpg /Users/zhangxin/gitlab/dmocr/test/pic/text_line_image/pc_2_18.2.box
	如此,二挡也会轻微打滑,电机在低转速时提供了不少
	如此二二挡也会轻微打滑电机在低转速时提供了不少
	2 24 22
/Users/zhangxin/gitlab/dmocr/test/pic/text_line_image/pc_2_23.4.jpg /Users/zhangxin/gitlab/dmocr/test/pic/text_line_image/pc_2_23.4.box
	车型保持了一致。
	车型保持了一致致
	1 8 7
/Users/zhangxin/gitlab/dmocr/test/pic/text_line_image/pc_2_23.5.jpg /Users/zhangxin/gitlab/dmocr/test/pic/text_line_image/pc_2_23.5.box
	非全全寸的备胎。
	非全尺寸的备胎s
	2 8 6
/Users/zhangxin/gitlab/dmocr/test/pic/text_line_image/pc_2_18.3.jpg /Users/zhangxin/gitlab/dmocr/test/pic/text_line_image/pc_2_18.3.box
	扭矩,最终11.58s的加速成绩比常规动力车型提升不少。
	扭矩背最终/八59S的加速成绩比常规动力车型提升不少s
	7 28 21
/Users/zhangxin/gitlab/dmocr/test/pic/text_line_image/pc_2_27.1.jpg /Users/zhangxin/gitlab/dmocr/test/pic/text_line_image/pc_2_27.1.box
	点击时没有卡顿,反应速度令人满意。
	点击时没有卡顿反应速度今人满意c
	3 17 14
/Users/zhangxin/gitlab/dmocr/test/pic/text_line_image/pc_4.1.jpg /Users/zhangxin/gitlab/dmocr/test/pic/text_line_image/pc_4.1.box
	。
	它的外观与普通版就没有其它区别了c
	17 1 -16
/Users/zhangxin/gitlab/dmocr/test/pic/text_line_image/pc_6.1.jpg /Users/zhangxin/gitlab/dmocr/test/pic/text_line_image/pc_6.1.box
	多处真皮的包裹也营造了一定的豪华感。
	多处真皮的包裹也营造了一定的豪华感w
	1 18 17
/Users/zhangxin/gitlab/dmocr/test/pic/text_line_image/pc_2_23.10.jpg /Users/zhangxin/gitlab/dmocr/test/pic/text_line_image/pc_2_23.10.box
	轮圈造型颇有几分
	轮圈造型颇有几分
	0 8 8
/Users/zhangxin/gitlab/dmocr/test/pic/text_line_image/pc_2_25.1.jpg /Users/zhangxin/gitlab/dmocr/test/pic/text_line_image/pc_2_25.1.box
	仪表盘升级为双炮筒实体表盘+中央
	仪表盈升级为双炮筒实休表盘十中央
	3 16 13
/Users/zhangxin/gitlab/dmocr/test/pic/text_line_image/pc_2_27.3.jpg /Users/zhangxin/gitlab/dmocr/test/pic/text_line_image/pc_2_27.3.box
	中控系统的升级也值得肯定,这套系统内集成了高德地图
	中控系统的升级也值得肯定这套系统内集成了高德地图
	1 25 24
/Users/zhangxin/gitlab/dmocr/test/pic/text_line_image/pc_2_18.1.jpg /Users/zhangxin/gitlab/dmocr/test/pic/text_line_image/pc_2_18.1.box
	关闭车身稳定控制后起步前轮会明显打滑,不仅一挡
	关闭车身稳定控制后起步前轮会明显打滑一不仅一挡
	1 23 22
/Users/zhangxin/gitlab/dmocr/test/pic/text_line_image/pc_2_23.7.jpg /Users/zhangxin/gitlab/dmocr/test/pic/text_line_image/pc_2_23.7.box
	时尚感,并且保持了
	时尚感一并且保持了
	1 9 8
/Users/zhangxin/gitlab/dmocr/test/pic/text_line_image/pc_2_23.6.jpg /Users/zhangxin/gitlab/dmocr/test/pic/text_line_image/pc_2_23.6.box
	规格为205/55R16
	规格为205755R16.
	2 12 10
/Users/zhangxin/gitlab/dmocr/test/pic/text_line_image/pc_2.4.jpg /Users/zhangxin/gitlab/dmocr/test/pic/text_line_image/pc_2.4.box
	小部分空间外,整体深宽高数据并无变化。并且这款车
	一小部分空间外整体深宽高数据并无变化一并且这款车
	3 24 21
/Users/zhangxin/gitlab/dmocr/test/pic/text_line_image/pc_2_27.2.jpg /Users/zhangxin/gitlab/dmocr/test/pic/text_line_image/pc_2_27.2.box
	很高。同时这块电阻式触摸屏的灵敏度很高,并且滑动和
	很高同时这块电胆式触模屏的灵敏度很高桑并且滑动和
	4 25 21
/Users/zhangxin/gitlab/dmocr/test/pic/text_line_image/pc_4.2.jpg /Users/zhangxin/gitlab/dmocr/test/pic/text_line_image/pc_4.2.box
	除了尾部这个蓝色的"H"标志,
	了尾部这个蓝色的十标志z
	5 15 10
/Users/zhangxin/gitlab/dmocr/test/pic/text_line_image/pc_18.3.jpg /Users/zhangxin/gitlab/dmocr/test/pic/text_line_image/pc_18.3.box
	L2挡的回收力度较小,L1挡则大一些,有明显的拖拽感。
	L2挡的回收力度较小心挡则大一也有明显的拖拽感
	6 27 21
/Users/zhangxin/gitlab/dmocr/test/pic/text_line_image/pc_2_23.2.jpg /Users/zhangxin/gitlab/dmocr/test/pic/text_line_image/pc_2_23.2.box
	不错的精致程度,
	不错的精致程度
	1 8 7
/Users/zhangxin/gitlab/dmocr/test/pic/text_line_image/pc_2_23.3.jpg /Users/zhangxin/gitlab/dmocr/test/pic/text_line_image/pc_2_23.3.box
	配置与其它常规动力
	配置与其它常规动力
	0 9 9
/Users/zhangxin/gitlab/dmocr/test/pic/text_line_image/pc_2_21.1.jpg /Users/zhangxin/gitlab/dmocr/test/pic/text_line_image/pc_2_21.1.box
	低调表明其混动车型身份的身份。
	低调表明其混动车型身份的身份c
	1 15 14
/Users/zhangxin/gitlab/dmocr/test/pic/text_line_image/pc_2.1.jpg /Users/zhangxin/gitlab/dmocr/test/pic/text_line_image/pc_2.1.box
	后备厢同常规动力版车型相差无几，除了侧面风冷循环占用
	后备厢同常规动力版车型相差无几了侧面风冷循环占用
	2 26 24
/Users/zhangxin/gitlab/dmocr/test/pic/text_line_image/pc_2_27.7.jpg /Users/zhangxin/gitlab/dmocr/test/pic/text_line_image/pc_2_27.7.box
	显示实时路况。它还支持百度CarLife智能手机互联,实用性
	显示实时路况它还支持百度CarLife智能手机互联实用性
	2 30 28
/Users/zhangxin/gitlab/dmocr/test/pic/text_line_image/pc_21.2.jpg /Users/zhangxin/gitlab/dmocr/test/pic/text_line_image/pc_21.2.box
	好在车辆的极限比较高,及时调整就可以了。
	好在车辆的极限比较高,及时调整就可以了
	1 20 19
/Users/zhangxin/gitlab/dmocr/test/pic/text_line_image/pc_2_25.7.jpg /Users/zhangxin/gitlab/dmocr/test/pic/text_line_image/pc_2_25.7.box
	导航联动,具有很高的实用性。
	导航联动具有很高的实用性s
	2 14 12
/Users/zhangxin/gitlab/dmocr/test/pic/text_line_image/pc_2_27.5.jpg /Users/zhangxin/gitlab/dmocr/test/pic/text_line_image/pc_2_27.5.box
	车机版,与手机版一样,可以通过车内自带的网络信号更新
	车机版与手机版一样可以通过车内自带的网备信号更新
	3 26 23
/Users/zhangxin/gitlab/dmocr/test/pic/text_line_image/pc_2.3.jpg /Users/zhangxin/gitlab/dmocr/test/pic/text_line_image/pc_2.3.box
	个小口拿取一些小件物品。
	个小口拿取一些小件物品
	1 12 11
/Users/zhangxin/gitlab/dmocr/test/pic/text_line_image/pc_2_23.1.jpg /Users/zhangxin/gitlab/dmocr/test/pic/text_line_image/pc_2_23.1.box
	轮胎则来自玛吉斯
	轮胎则来自玛吉斯
	0 8 8
/Users/zhangxin/gitlab/dmocr/test/pic/text_line_image/pc_2_21.2.jpg /Users/zhangxin/gitlab/dmocr/test/pic/text_line_image/pc_2_21.2.box
	车尾的设计也没有任何变化,只有一块"HYbrid48V"的标示
	车尾的设计也没有任何变化只有-埃上Ybrid-48V遗的标示
	7 31 24
/Users/zhangxin/gitlab/dmocr/test/pic/text_line_image/pc_2.2.jpg /Users/zhangxin/gitlab/dmocr/test/pic/text_line_image/pc_2.2.box
	同样不支持后排座椅放倒扩展储物空间,车厢内仅能通过
	同样不支持后排座椅放倒扩展储物空间一车厢内仅能通过
	1 25 24
/Users/zhangxin/gitlab/dmocr/test/pic/text_line_image/pc_21.1.jpg /Users/zhangxin/gitlab/dmocr/test/pic/text_line_image/pc_21.1.box
	车尾比较灵活,有明显甩尾倾向,
	车尾比较灵活有明显甩尾倾向w
	2 15 13
/Users/zhangxin/gitlab/dmocr/test/pic/text_line_image/pc_2_25.6.jpg /Users/zhangxin/gitlab/dmocr/test/pic/text_line_image/pc_2_25.6.box
	单色行车电脑显示屏的配置,不过
	单色行车电脑显示屏的配置一不过
	1 15 14
/Users/zhangxin/gitlab/dmocr/test/pic/text_line_image/pc_12.2.jpg /Users/zhangxin/gitlab/dmocr/test/pic/text_line_image/pc_12.2.box
	正常起步时,它是靠电动机驱动的,
	正常起步时它是靠电动机驱动的d
	2 16 14
/Users/zhangxin/gitlab/dmocr/test/pic/text_line_image/pc_2_12.1.jpg /Users/zhangxin/gitlab/dmocr/test/pic/text_line_image/pc_2_12.1.box
	电机扭矩所补充,驾驶的过程中降挡的次数也有所减少
	电机粗矩所补充驾驶的过程中降挡的次数也有所减少
	2 24 22
/Users/zhangxin/gitlab/dmocr/test/pic/text_line_image/pc_2_10.1.jpg /Users/zhangxin/gitlab/dmocr/test/pic/text_line_image/pc_2_10.1.box
	对于这款车而言,电机主要起到辅助作用,正常行驶时共有
	对于这款车而言电机主要起到辅助作用正常行驶时共有
	2 26 24
/Users/zhangxin/gitlab/dmocr/test/pic/text_line_image/pc_12.1.jpg /Users/zhangxin/gitlab/dmocr/test/pic/text_line_image/pc_12.1.box
	加速游刃有余,踩多了还会有"窜"的感觉正
	加速游刃有余踩多了还会有窜的感觉
	4 20 16
/Users/zhangxin/gitlab/dmocr/test/pic/text_line_image/pc_2_12.2.jpg /Users/zhangxin/gitlab/dmocr/test/pic/text_line_image/pc_2_12.2.box
	在常规动力车型上会″拖挡″的1000-1500转左右的转速区间被
	在常规动力车型上会拖挡的(000-1500转左右的转速区间被
	3 32 29
/Users/zhangxin/gitlab/dmocr/test/pic/text_line_image/pc_2_6.4.jpg /Users/zhangxin/gitlab/dmocr/test/pic/text_line_image/pc_2_6.4.box
	电池由A123提供,这是一家在美国专业生产动力电池的企业，
	电曲Al23提供这是一家在美国专业生产动力电池的企业
	5 29 24
/Users/zhangxin/gitlab/dmocr/test/pic/text_line_image/pc_2_10.4.jpg /Users/zhangxin/gitlab/dmocr/test/pic/text_line_image/pc_2_10.4.box
	四种工作模式。
	四种工作模式m
	1 7 6
/Users/zhangxin/gitlab/dmocr/test/pic/text_line_image/pc_16.1.jpg /Users/zhangxin/gitlab/dmocr/test/pic/text_line_image/pc_16.1.box
	巡航状态下只有发动机工作,
	巡航状态下只有发动机工作
	1 13 12
/Users/zhangxin/gitlab/dmocr/test/pic/text_line_image/pc_14.3.jpg /Users/zhangxin/gitlab/dmocr/test/pic/text_line_image/pc_14.3.box
	中低速的加速能力相当可观如
	中低速的加速能力相当可观
	1 13 12
/Users/zhangxin/gitlab/dmocr/test/pic/text_line_image/pc_2_30.1.jpg /Users/zhangxin/gitlab/dmocr/test/pic/text_line_image/pc_2_30.1.box
	后座带有全部位置的三点式安全带和两个SOFIX儿童安全
	后座带有全部位置的三点式安全带和两个SOFX儿童安全
	1 27 26
/Users/zhangxin/gitlab/dmocr/test/pic/text_line_image/pc_2_16.2.jpg /Users/zhangxin/gitlab/dmocr/test/pic/text_line_image/pc_2_16.2.box
	悬架方面,这款车采用了前麦弗逊式独立悬架,后扭力梁式
	悬架方面一这款车采用了前麦弗逊式独立悬架后扭力梁式
	2 26 24
/Users/zhangxin/gitlab/dmocr/test/pic/text_line_image/pc_2_16.3.jpg /Users/zhangxin/gitlab/dmocr/test/pic/text_line_image/pc_2_16.3.box
	结构并未因混动组件而进行过改动。
	结构并未因温动组件而进行过改动j
	2 16 14
/Users/zhangxin/gitlab/dmocr/test/pic/text_line_image/pc_2_14.1.jpg /Users/zhangxin/gitlab/dmocr/test/pic/text_line_image/pc_2_14.1.box
	到了高转速区间内,这款车将会完全依赖发动机行驶,此时
	到了高转速区间内w这款车将会完全依赖发动机行驶一此时
	2 26 24
/Users/zhangxin/gitlab/dmocr/test/pic/text_line_image/pc_14.2.jpg /Users/zhangxin/gitlab/dmocr/test/pic/text_line_image/pc_14.2.box
	如果对动力要求较高,也可以从起步就开始
	如果对动力要求较高也可以从起步就开始
	1 19 18
/Users/zhangxin/gitlab/dmocr/test/pic/text_line_image/pc_2_29.1.jpg /Users/zhangxin/gitlab/dmocr/test/pic/text_line_image/pc_2_29.1.box
	座椅采用打孔皮革包裹,手感不错,主驾驶席座椅支持六向
	座倚采用打到皮单包事手感不错主乌驶席座倚支特六向
	9 26 17
/Users/zhangxin/gitlab/dmocr/test/pic/text_line_image/pc_2_6.1.jpg /Users/zhangxin/gitlab/dmocr/test/pic/text_line_image/pc_2_6.1.box
	目前已破万向收购。48V锂电池容量为0.384KWh,采用主动
	目前已被万向收购48V锂电池容量为0.38k1WH.-采用主动
	7 31 24
/Users/zhangxin/gitlab/dmocr/test/pic/text_line_image/pc_8.1.jpg /Users/zhangxin/gitlab/dmocr/test/pic/text_line_image/pc_8.1.box
	没有全景天窗是个缺憾,1.5T/2.5L的高配车型都有。
	没有全景天窗是个缺憾T25L的高配车型都有
	7 28 21
/Users/zhangxin/gitlab/dmocr/test/pic/text_line_image/pc_2_6.3.jpg /Users/zhangxin/gitlab/dmocr/test/pic/text_line_image/pc_2_6.3.box
	外循环散热设计,安置位置在备胎槽内,不影响备胎的安置。
	外循环散执设计安置位置在备胎槽内一不影响备胎的安置.
	4 27 23
/Users/zhangxin/gitlab/dmocr/test/pic/text_line_image/pc_16.2.jpg /Users/zhangxin/gitlab/dmocr/test/pic/text_line_image/pc_16.2.box
	同时它会为电池充电。
	同时它会为电池充电m
	1 10 9
/Users/zhangxin/gitlab/dmocr/test/pic/text_line_image/pc_2_16.1.jpg /Users/zhangxin/gitlab/dmocr/test/pic/text_line_image/pc_2_16.1.box
	非独立悬架的配置。从底盘上可以看出这款车的整体底盘
	非独立悬架的配置黝从底盘上可以看出这款车的整体底盘
	1 25 24
/Users/zhangxin/gitlab/dmocr/test/pic/text_line_image/pc_2_23.8.jpg /Users/zhangxin/gitlab/dmocr/test/pic/text_line_image/pc_2_23.8.box
	它同样配备了
	它同样配备了
	0 6 6
/Users/zhangxin/gitlab/dmocr/test/pic/text_line_image/pc_2_30.2.jpg /Users/zhangxin/gitlab/dmocr/test/pic/text_line_image/pc_2_30.2.box
	椅接口,除此之外它还带有后排中央扶手。
	蛮椅接口除此之外它还带有后排中央扶手w
	3 19 16
/Users/zhangxin/gitlab/dmocr/test/pic/text_line_image/pc_2_23.9.jpg /Users/zhangxin/gitlab/dmocr/test/pic/text_line_image/pc_2_23.9.box
	它的16英寸的双五辐
	它的l6英寸的双五辐
	1 10 9
/Users/zhangxin/gitlab/dmocr/test/pic/text_line_image/pc_2_14.2.jpg /Users/zhangxin/gitlab/dmocr/test/pic/text_line_image/pc_2_14.2.box
	它的动力输出和汽油版逸动表现一致。
	它的动力输出和汽油版逸动表现一致c
	1 17 16
/Users/zhangxin/gitlab/dmocr/test/pic/text_line_image/pc_2_12.4.jpg /Users/zhangxin/gitlab/dmocr/test/pic/text_line_image/pc_2_12.4.box
	开起来也更轻松了。
	开起来也更轻松了
	1 9 8
/Users/zhangxin/gitlab/dmocr/test/pic/text_line_image/pc_14.1.jpg /Users/zhangxin/gitlab/dmocr/test/pic/text_line_image/pc_14.1.box
	深踩油门,当发动机和电动机同时运转时,
	深踩油门当发动机和电动机同时运转时
	2 19 17
/Users/zhangxin/gitlab/dmocr/test/pic/text_line_image/pc_2_29.2.jpg /Users/zhangxin/gitlab/dmocr/test/pic/text_line_image/pc_2_29.2.box
	手动调节。
	手动调节
	1 5 4
/Users/zhangxin/gitlab/dmocr/test/pic/text_line_image/pc_11.2.jpg /Users/zhangxin/gitlab/dmocr/test/pic/text_line_image/pc_11.2.box
	最大功率：128马力（94千瓦）/5000rpm
	最大功率:;128马力(94干瓦)/5000Tpm
	6 24 18
/Users/zhangxin/gitlab/dmocr/test/pic/text_line_image/pc_2_13.3.jpg /Users/zhangxin/gitlab/dmocr/test/pic/text_line_image/pc_2_13.3.box
	空转状态下的电动机切换到驱动模式。
	空转状态下的电动机切换到驱动模式s
	1 17 16
/Users/zhangxin/gitlab/dmocr/test/pic/text_line_image/pc_2_11.1.jpg /Users/zhangxin/gitlab/dmocr/test/pic/text_line_image/pc_2_11.1.box
	挡位清晰,切换时有不错的质感,离合器接合位置适中，再
	挡位清晰切换时有不错的质感离合器接合位置适中一再
	3 26 23
/Users/zhangxin/gitlab/dmocr/test/pic/text_line_image/pc_17.4.jpg /Users/zhangxin/gitlab/dmocr/test/pic/text_line_image/pc_17.4.box
	如果想回收得更快,还可以选择手动模式。
	如果想回收得更快还可以选择手动模式d
	2 19 17
/Users/zhangxin/gitlab/dmocr/test/pic/text_line_image/pc_2_7.4.jpg /Users/zhangxin/gitlab/dmocr/test/pic/text_line_image/pc_2_7.4.box
	不过这也不是启动/驱动/发电一体式+汽油发动机+5MT手动
	不过这也不是启动呃动发电一体式十汽油发动机十5MT手动
	5 29 24
/Users/zhangxin/gitlab/dmocr/test/pic/text_line_image/pc_2_5.6.jpg /Users/zhangxin/gitlab/dmocr/test/pic/text_line_image/pc_2_5.6.box
	匹配起来也更方便。
	风配起来也更方便w
	2 9 7
/Users/zhangxin/gitlab/dmocr/test/pic/text_line_image/pc_2_13.2.jpg /Users/zhangxin/gitlab/dmocr/test/pic/text_line_image/pc_2_13.2.box
	电机会在3500转以内的转速区间内提供加速时的动力辅助
	电机会在3500转以内的转速区间内提供加速时的动力辅时
	1 27 26
/Users/zhangxin/gitlab/dmocr/test/pic/text_line_image/pc_2_15.4.jpg /Users/zhangxin/gitlab/dmocr/test/pic/text_line_image/pc_2_15.4.box
	挡位里滑行。
	挡位里滑行s
	1 6 5
/Users/zhangxin/gitlab/dmocr/test/pic/text_line_image/pc_13.1.jpg /Users/zhangxin/gitlab/dmocr/test/pic/text_line_image/pc_13.1.box
	动力输出的连贯性非常好,
	动力输出的连贾性非常好
	2 12 10
/Users/zhangxin/gitlab/dmocr/test/pic/text_line_image/pc_11.1.jpg /Users/zhangxin/gitlab/dmocr/test/pic/text_line_image/pc_11.1.box
	与之搭配的是一台E-CVT变速箱。
	与之搭配的是一台E-CVT变速箱
	1 17 16
/Users/zhangxin/gitlab/dmocr/test/pic/text_line_image/pc_13.3.jpg /Users/zhangxin/gitlab/dmocr/test/pic/text_line_image/pc_13.3.box
	速度起来以后,发动机便开始工作了,
	速度起来以后发动机便开始工作了
	2 17 15
/Users/zhangxin/gitlab/dmocr/test/pic/text_line_image/pc_2_33.5.jpg /Users/zhangxin/gitlab/dmocr/test/pic/text_line_image/pc_2_33.5.box
	小部分空间外,整体深宽高数据并无变化。并且这款车
	一小部分空间外整体深宽高数据并无变化一并且这款车
	3 24 21
/Users/zhangxin/gitlab/dmocr/test/pic/text_line_image/pc_2_3.2.jpg /Users/zhangxin/gitlab/dmocr/test/pic/text_line_image/pc_2_3.2.box
	我们试驾的这款逸动蓝动版是1.6L手动领航型，基于2016款
	我们试驾的这款逸动蓝动版是6L手动领航型一基于2076款
	4 30 26
/Users/zhangxin/gitlab/dmocr/test/pic/text_line_image/pc_15.5.jpg /Users/zhangxin/gitlab/dmocr/test/pic/text_line_image/pc_15.5.box
	中间的驾驶效率表也很有意思。
	中间的驾驶效率表也很有意思z
	1 14 13
/Users/zhangxin/gitlab/dmocr/test/pic/text_line_image/pc_2_5.4.jpg /Users/zhangxin/gitlab/dmocr/test/pic/text_line_image/pc_2_5.4.box
	汽车之家
	一车之家
	1 4 3
/Users/zhangxin/gitlab/dmocr/test/pic/text_line_image/pc_2_11.2.jpg /Users/zhangxin/gitlab/dmocr/test/pic/text_line_image/pc_2_11.2.box
	这款车的手动变速箱和离合器操作起来都很舒服,变速箱
	这款车的手动变速箱和离合器操作起来都很舒服变速箱
	1 25 24
/Users/zhangxin/gitlab/dmocr/test/pic/text_line_image/pc_9.4.jpg /Users/zhangxin/gitlab/dmocr/test/pic/text_line_image/pc_9.4.box
	电池组占去了后备厢不少空间,容积骤减为328L,
	电池组占去了后备厢不少空间.容积骤减为习228L,
	3 24 21
/Users/zhangxin/gitlab/dmocr/test/pic/text_line_image/pc_2_11.3.jpg /Users/zhangxin/gitlab/dmocr/test/pic/text_line_image/pc_2_11.3.box
	加上低转速区间电机的介入使得它上手起来很轻松。
	加上低转速区间电机的介入使得它上手起来很轻松a
	1 23 22
/Users/zhangxin/gitlab/dmocr/test/pic/text_line_image/pc_2_13.1.jpg /Users/zhangxin/gitlab/dmocr/test/pic/text_line_image/pc_2_13.1.box
	只需要稍微深踩下油门,混动系统的控制单元会将在待机
	只需要稍微深踩下油门混动系统的控制单元会将在待机
	1 25 24
/Users/zhangxin/gitlab/dmocr/test/pic/text_line_image/pc_5.8.jpg /Users/zhangxin/gitlab/dmocr/test/pic/text_line_image/pc_5.8.box
	1.5T/2.5L高配：
	1525L高配
	5 12 7
/Users/zhangxin/gitlab/dmocr/test/pic/text_line_image/pc_2_3.3.jpg /Users/zhangxin/gitlab/dmocr/test/pic/text_line_image/pc_2_3.3.box
	逸动打造,指导价9.09万。整体配置与逸动常规动力车型的
	逸动打造了指号价909万-邃体配置与逸动常规动力车型的
	5 28 23
/Users/zhangxin/gitlab/dmocr/test/pic/text_line_image/pc_2_33.4.jpg /Users/zhangxin/gitlab/dmocr/test/pic/text_line_image/pc_2_33.4.box
	个小口拿取一些小件物品。
	个小口拿取一些小件物品
	1 12 11
/Users/zhangxin/gitlab/dmocr/test/pic/text_line_image/pc_13.2.jpg /Users/zhangxin/gitlab/dmocr/test/pic/text_line_image/pc_13.2.box
	不听声音的话,基本感觉不到发动机的介入。
	不听声音的话基本感觉不到发动机的介入
	2 20 18
/Users/zhangxin/gitlab/dmocr/test/pic/text_line_image/pc_2_17.1.jpg /Users/zhangxin/gitlab/dmocr/test/pic/text_line_image/pc_2_17.1.box
	行了更偏向舒适性的调校,相较老款车型偏硬的质感而言
	进行了更偏向舒适性的调校相较老款车型偏硬的质感而言
	2 25 23
/Users/zhangxin/gitlab/dmocr/test/pic/text_line_image/pc_2_31.2.jpg /Users/zhangxin/gitlab/dmocr/test/pic/text_line_image/pc_2_31.2.box
	和前后排头部安全气帘,安全配置也有足够的诚意。
	和前后排头部安全气帘安全配置也有足够的诚意s
	2 23 21
/Users/zhangxin/gitlab/dmocr/test/pic/text_line_image/pc_11.4.jpg /Users/zhangxin/gitlab/dmocr/test/pic/text_line_image/pc_11.4.box
	最大扭矩：175牛·米/5750rpm,
	最大扭矩:75牛米/C5Orom,
	7 20 13
/Users/zhangxin/gitlab/dmocr/test/pic/text_line_image/pc_2_15.3.jpg /Users/zhangxin/gitlab/dmocr/test/pic/text_line_image/pc_2_15.3.box
	电机在变速箱前的布置形式。因此为了能够回收滑行时的
	电机在变速箱前的布置形式因此为了能修回收滑行时的
	2 25 23
/Users/zhangxin/gitlab/dmocr/test/pic/text_line_image/pc_2_5.1.jpg /Users/zhangxin/gitlab/dmocr/test/pic/text_line_image/pc_2_5.1.box
	手动变速箱,主要是因为这套动力系统中电动机起到辅助和
	王动变速箱主要是因为这套动力系统中电动机起到辅助和
	2 26 24
/Users/zhangxin/gitlab/dmocr/test/pic/text_line_image/pc_9.1.jpg /Users/zhangxin/gitlab/dmocr/test/pic/text_line_image/pc_9.1.box
	储物能力自然大打折扣,而且连备胎也取消了。
	储物能力自然大打折扣而旦连备胎也取消了c
	3 21 18
/Users/zhangxin/gitlab/dmocr/test/pic/text_line_image/pc_2_7.3.jpg /Users/zhangxin/gitlab/dmocr/test/pic/text_line_image/pc_2_7.3.box
	二年就推出了搭载CVT无级变速箱的车型。
	第二年就出了搭载CVT无级变速箱的车型
	3 20 17
/Users/zhangxin/gitlab/dmocr/test/pic/text_line_image/pc_2_7.2.jpg /Users/zhangxin/gitlab/dmocr/test/pic/text_line_image/pc_2_7.2.box
	变速箱这祥的动力组合第一次出现在混动车型之上,初代的
	变速箱这样的动力组合第一次出现在混动车型之上二初代的
	2 26 24
/Users/zhangxin/gitlab/dmocr/test/pic/text_line_image/pc_2_28.2.jpg /Users/zhangxin/gitlab/dmocr/test/pic/text_line_image/pc_2_28.2.box
	数量来推测当前的制冷/制热力度,操作起来不是很直直。
	数量来推测当前的制冷制热力度操作起来不是很直观
	4 26 22
/Users/zhangxin/gitlab/dmocr/test/pic/text_line_image/pc_2_15.2.jpg /Users/zhangxin/gitlab/dmocr/test/pic/text_line_image/pc_2_15.2.box
	松开油门滑行电机会转到能量回收模式,不过这款车采用了
	松开油门滑行电机会转到能量回收模式一不过这款车采用了
	1 26 25
/Users/zhangxin/gitlab/dmocr/test/pic/text_line_image/pc_11.5.jpg /Users/zhangxin/gitlab/dmocr/test/pic/text_line_image/pc_11.5.box
	1.8LSIDI自然吸气发动机,
	118LSD自然吸气发动机
	4 16 12
/Users/zhangxin/gitlab/dmocr/test/pic/text_line_image/pc_2_31.1.jpg /Users/zhangxin/gitlab/dmocr/test/pic/text_line_image/pc_2_31.1.box
	除后排全部位置的三点式安全带外,该车还带有前排侧气囊
	除后非全部位置的三点式安全带外该车还带有前排侧气囊
	2 26 24
/Users/zhangxin/gitlab/dmocr/test/pic/text_line_image/pc_2_17.2.jpg /Users/zhangxin/gitlab/dmocr/test/pic/text_line_image/pc_2_17.2.box
	这款车的悬架,包括新款常规动力版本的逸动它们的悬架都
	之款车的悬架包括新款常规动力版本的逸动它们的悬架都
	2 26 24
/Users/zhangxin/gitlab/dmocr/test/pic/text_line_image/pc_2_3.4.jpg /Users/zhangxin/gitlab/dmocr/test/pic/text_line_image/pc_2_3.4.box
	却比后者低了一干块,既可让消费者体验到混合动力车型的
	却比后者低了一干块二既可让消费者体验到混合动力车型的
	1 26 25
/Users/zhangxin/gitlab/dmocr/test/pic/text_line_image/pc_2_33.3.jpg /Users/zhangxin/gitlab/dmocr/test/pic/text_line_image/pc_2_33.3.box
	同样不支持后排座椅放倒扩展储物空间,车厢内仅能通过
	同样不支持后排座椅放倒扩展储物空间一车厢内仅能通过
	1 25 24
/Users/zhangxin/gitlab/dmocr/test/pic/text_line_image/pc_2_5.2.jpg /Users/zhangxin/gitlab/dmocr/test/pic/text_line_image/pc_2_5.2.box
	能量回收的作用,采用手动挡变速箱技术复杂程度更低,
	能量回收的作用采用手动挡变速箱技术复杂程度更低w
	2 25 23
/Users/zhangxin/gitlab/dmocr/test/pic/text_line_image/pc_15.3.jpg /Users/zhangxin/gitlab/dmocr/test/pic/text_line_image/pc_15.3.box
	左侧这个能量输出表代替了转速表,
	左侧这个能量输出表代替了转速表z
	1 16 15
/Users/zhangxin/gitlab/dmocr/test/pic/text_line_image/pc_17.1.jpg /Users/zhangxin/gitlab/dmocr/test/pic/text_line_image/pc_17.1.box
	收油的时候,系统会切换到"再生能量回收"模式,
	收油的时候系统会切换到再生能量回收模式
	4 23 19
/Users/zhangxin/gitlab/dmocr/test/pic/text_line_image/pc_15.2.jpg /Users/zhangxin/gitlab/dmocr/test/pic/text_line_image/pc_15.2.box
	绿色、白色、黄色分别代表不同的动力输出力度,
	绿色白色黄色分别代表不同的动力输出力度
	3 22 19
/Users/zhangxin/gitlab/dmocr/test/pic/text_line_image/pc_2_5.3.jpg /Users/zhangxin/gitlab/dmocr/test/pic/text_line_image/pc_2_5.3.box
	与发动机积电机棺匹配的是一套5挡手动变速箱，之所以采用
	与发动机和电机相匹配的是一套墙手动变速箱一之所以采用
	5 27 22
/Users/zhangxin/gitlab/dmocr/test/pic/text_line_image/pc_2_28.1.jpg /Users/zhangxin/gitlab/dmocr/test/pic/text_line_image/pc_2_28.1.box
	空调是手动空调,显示区域不显示数字,只能通过小格
	空调还是手动空调显示区域不显示数字莫只能通过小椿
	4 24 20
/Users/zhangxin/gitlab/dmocr/test/pic/text_line_image/pc_2_15.1.jpg /Users/zhangxin/gitlab/dmocr/test/pic/text_line_image/pc_2_15.1.box
	能量需要保持离台器接合的状态,通俗地讲就是需要挂在
	能量需要保持离合器接合的状态通俗地讲就是需要挂在
	2 25 23
/Users/zhangxin/gitlab/dmocr/test/pic/text_line_image/pc_2_33.2.jpg /Users/zhangxin/gitlab/dmocr/test/pic/text_line_image/pc_2_33.2.box
	后备厢同常规动力版车型相差无几,除了侧面风冷循环占用
	后备厢同常规动力版车型相差无几了侧面风冷循环占用
	2 26 24
/Users/zhangxin/gitlab/dmocr/test/pic/text_line_image/pc_2_3.5.jpg /Users/zhangxin/gitlab/dmocr/test/pic/text_line_image/pc_2_3.5.box
	新鲜滋味又没有额外成本,因此何乐而不为呢?
	新鲜滋味又没有额外成本因此何乐而不为呢入
	2 21 19
/Users/zhangxin/gitlab/dmocr/test/pic/text_line_image/pc_2_17.3.jpg /Users/zhangxin/gitlab/dmocr/test/pic/text_line_image/pc_2_17.3.box
	现在的悬架在过滤路面颠簸时更为得心应手。
	现在的悬架在过滤路面颠鞍时更为得心应手s
	2 20 18
2707 2359 0.871444403399
